  Lab4.6.cpp
C:\Users\Muroslav\source\repos\Lab4.6\Lab4.6\Lab4.6.cpp(24,13): warning C4566: character represented by universal-character-name '\u0420' cannot be represented in the current code page (1252)
C:\Users\Muroslav\source\repos\Lab4.6\Lab4.6\Lab4.6.cpp(24,13): warning C4566: character represented by universal-character-name '\u0435' cannot be represented in the current code page (1252)
C:\Users\Muroslav\source\repos\Lab4.6\Lab4.6\Lab4.6.cpp(24,13): warning C4566: character represented by universal-character-name '\u0437' cannot be represented in the current code page (1252)
C:\Users\Muroslav\source\repos\Lab4.6\Lab4.6\Lab4.6.cpp(24,13): warning C4566: character represented by universal-character-name '\u0443' cannot be represented in the current code page (1252)
C:\Users\Muroslav\source\repos\Lab4.6\Lab4.6\Lab4.6.cpp(24,13): warning C4566: character represented by universal-character-name '\u043B' cannot be represented in the current code page (1252)
C:\Users\Muroslav\source\repos\Lab4.6\Lab4.6\Lab4.6.cpp(24,13): warning C4566: character represented by universal-character-name '\u044C' cannot be represented in the current code page (1252)
C:\Users\Muroslav\source\repos\Lab4.6\Lab4.6\Lab4.6.cpp(24,13): warning C4566: character represented by universal-character-name '\u0442' cannot be represented in the current code page (1252)
C:\Users\Muroslav\source\repos\Lab4.6\Lab4.6\Lab4.6.cpp(24,13): warning C4566: character represented by universal-character-name '\u0430' cannot be represented in the current code page (1252)
C:\Users\Muroslav\source\repos\Lab4.6\Lab4.6\Lab4.6.cpp(40,13): warning C4566: character represented by universal-character-name '\u0420' cannot be represented in the current code page (1252)
C:\Users\Muroslav\source\repos\Lab4.6\Lab4.6\Lab4.6.cpp(40,13): warning C4566: character represented by universal-character-name '\u0435' cannot be represented in the current code page (1252)
C:\Users\Muroslav\source\repos\Lab4.6\Lab4.6\Lab4.6.cpp(40,13): warning C4566: character represented by universal-character-name '\u0437' cannot be represented in the current code page (1252)
C:\Users\Muroslav\source\repos\Lab4.6\Lab4.6\Lab4.6.cpp(40,13): warning C4566: character represented by universal-character-name '\u0443' cannot be represented in the current code page (1252)
C:\Users\Muroslav\source\repos\Lab4.6\Lab4.6\Lab4.6.cpp(40,13): warning C4566: character represented by universal-character-name '\u043B' cannot be represented in the current code page (1252)
C:\Users\Muroslav\source\repos\Lab4.6\Lab4.6\Lab4.6.cpp(40,13): warning C4566: character represented by universal-character-name '\u044C' cannot be represented in the current code page (1252)
C:\Users\Muroslav\source\repos\Lab4.6\Lab4.6\Lab4.6.cpp(40,13): warning C4566: character represented by universal-character-name '\u0442' cannot be represented in the current code page (1252)
C:\Users\Muroslav\source\repos\Lab4.6\Lab4.6\Lab4.6.cpp(40,13): warning C4566: character represented by universal-character-name '\u0430' cannot be represented in the current code page (1252)
C:\Users\Muroslav\source\repos\Lab4.6\Lab4.6\Lab4.6.cpp(52,13): warning C4566: character represented by universal-character-name '\u0420' cannot be represented in the current code page (1252)
C:\Users\Muroslav\source\repos\Lab4.6\Lab4.6\Lab4.6.cpp(52,13): warning C4566: character represented by universal-character-name '\u0435' cannot be represented in the current code page (1252)
C:\Users\Muroslav\source\repos\Lab4.6\Lab4.6\Lab4.6.cpp(52,13): warning C4566: character represented by universal-character-name '\u0437' cannot be represented in the current code page (1252)
C:\Users\Muroslav\source\repos\Lab4.6\Lab4.6\Lab4.6.cpp(52,13): warning C4566: character represented by universal-character-name '\u0443' cannot be represented in the current code page (1252)
C:\Users\Muroslav\source\repos\Lab4.6\Lab4.6\Lab4.6.cpp(52,13): warning C4566: character represented by universal-character-name '\u043B' cannot be represented in the current code page (1252)
C:\Users\Muroslav\source\repos\Lab4.6\Lab4.6\Lab4.6.cpp(52,13): warning C4566: character represented by universal-character-name '\u044C' cannot be represented in the current code page (1252)
C:\Users\Muroslav\source\repos\Lab4.6\Lab4.6\Lab4.6.cpp(52,13): warning C4566: character represented by universal-character-name '\u0442' cannot be represented in the current code page (1252)
C:\Users\Muroslav\source\repos\Lab4.6\Lab4.6\Lab4.6.cpp(52,13): warning C4566: character represented by universal-character-name '\u0430' cannot be represented in the current code page (1252)
C:\Users\Muroslav\source\repos\Lab4.6\Lab4.6\Lab4.6.cpp(52,13): warning C4566: character represented by universal-character-name '\u2191' cannot be represented in the current code page (1252)
C:\Users\Muroslav\source\repos\Lab4.6\Lab4.6\Lab4.6.cpp(64,13): warning C4566: character represented by universal-character-name '\u0420' cannot be represented in the current code page (1252)
C:\Users\Muroslav\source\repos\Lab4.6\Lab4.6\Lab4.6.cpp(64,13): warning C4566: character represented by universal-character-name '\u0435' cannot be represented in the current code page (1252)
C:\Users\Muroslav\source\repos\Lab4.6\Lab4.6\Lab4.6.cpp(64,13): warning C4566: character represented by universal-character-name '\u0437' cannot be represented in the current code page (1252)
C:\Users\Muroslav\source\repos\Lab4.6\Lab4.6\Lab4.6.cpp(64,13): warning C4566: character represented by universal-character-name '\u0443' cannot be represented in the current code page (1252)
C:\Users\Muroslav\source\repos\Lab4.6\Lab4.6\Lab4.6.cpp(64,13): warning C4566: character represented by universal-character-name '\u043B' cannot be represented in the current code page (1252)
C:\Users\Muroslav\source\repos\Lab4.6\Lab4.6\Lab4.6.cpp(64,13): warning C4566: character represented by universal-character-name '\u044C' cannot be represented in the current code page (1252)
C:\Users\Muroslav\source\repos\Lab4.6\Lab4.6\Lab4.6.cpp(64,13): warning C4566: character represented by universal-character-name '\u0442' cannot be represented in the current code page (1252)
C:\Users\Muroslav\source\repos\Lab4.6\Lab4.6\Lab4.6.cpp(64,13): warning C4566: character represented by universal-character-name '\u0430' cannot be represented in the current code page (1252)
C:\Users\Muroslav\source\repos\Lab4.6\Lab4.6\Lab4.6.cpp(64,13): warning C4566: character represented by universal-character-name '\u2193' cannot be represented in the current code page (1252)
  Lab4.6.vcxproj -> C:\Users\Muroslav\source\repos\Lab4.6\ARM64\Debug\Lab4.6.exe
